[INFO  - 2020-11-28T12:59:05.442Z] GhostDriver - Main - running on port 47189
[INFO  - 2020-11-28T12:59:06.393Z] Session [7f71f270-3179-11eb-885c-1dc0c38310e5] - page.settings - {"XSSAuditingEnabled":false,"javascriptCanCloseWindows":true,"javascriptCanOpenWindows":true,"javascriptEnabled":true,"loadImages":true,"localToRemoteUrlAccessEnabled":false,"userAgent":"Mozilla/5.0 (Unknown; Linux x86_64) AppleWebKit/538.1 (KHTML, like Gecko) PhantomJS/2.1.1 Safari/538.1","webSecurityEnabled":true}
[INFO  - 2020-11-28T12:59:06.393Z] Session [7f71f270-3179-11eb-885c-1dc0c38310e5] - page.customHeaders:  - {}
[INFO  - 2020-11-28T12:59:06.394Z] Session [7f71f270-3179-11eb-885c-1dc0c38310e5] - Session.negotiatedCapabilities - {"browserName":"phantomjs","version":"2.1.1","driverName":"ghostdriver","driverVersion":"1.2.0","platform":"linux-unknown-64bit","javascriptEnabled":true,"takesScreenshot":true,"handlesAlerts":false,"databaseEnabled":false,"locationContextEnabled":false,"applicationCacheEnabled":false,"browserConnectionEnabled":false,"cssSelectorsEnabled":true,"webStorageEnabled":false,"rotatable":false,"acceptSslCerts":false,"nativeEvents":true,"proxy":{"proxyType":"direct"}}
[INFO  - 2020-11-28T12:59:06.394Z] SessionManagerReqHand - _postNewSessionCommand - New Session Created: 7f71f270-3179-11eb-885c-1dc0c38310e5
[ERROR - 2020-11-28T12:59:07.678Z] Session [7f71f270-3179-11eb-885c-1dc0c38310e5] - page.onError - msg: ReferenceError: Can't find variable: WeakMap

  phantomjs://platform/console++.js:263 in error
[ERROR - 2020-11-28T12:59:07.678Z] Session [7f71f270-3179-11eb-885c-1dc0c38310e5] - page.onError - stack:
  (anonymous function) (https://do69ll745l27z.cloudfront.net/scripts/prebid/dfp/prebid-msq-c.js:3)
  f (https://do69ll745l27z.cloudfront.net/scripts/prebid/dfp/prebid-msq-c.js:3)
  (anonymous function) (https://do69ll745l27z.cloudfront.net/scripts/prebid/dfp/prebid-msq-c.js:3)
  f (https://do69ll745l27z.cloudfront.net/scripts/prebid/dfp/prebid-msq-c.js:3)
  (anonymous function) (https://do69ll745l27z.cloudfront.net/scripts/prebid/dfp/prebid-msq-c.js:3)
  f (https://do69ll745l27z.cloudfront.net/scripts/prebid/dfp/prebid-msq-c.js:3)
  (anonymous function) (https://do69ll745l27z.cloudfront.net/scripts/prebid/dfp/prebid-msq-c.js:3)
  f (https://do69ll745l27z.cloudfront.net/scripts/prebid/dfp/prebid-msq-c.js:3)
  (anonymous function) (https://do69ll745l27z.cloudfront.net/scripts/prebid/dfp/prebid-msq-c.js:3)
  f (https://do69ll745l27z.cloudfront.net/scripts/prebid/dfp/prebid-msq-c.js:3)
  (anonymous function) (https://do69ll745l27z.cloudfront.net/scripts/prebid/dfp/prebid-msq-c.js:3)
  f (https://do69ll745l27z.cloudfront.net/scripts/prebid/dfp/prebid-msq-c.js:3)
  (anonymous function) (https://do69ll745l27z.cloudfront.net/scripts/prebid/dfp/prebid-msq-c.js:3)
  f (https://do69ll745l27z.cloudfront.net/scripts/prebid/dfp/prebid-msq-c.js:3)
  (anonymous function) (https://do69ll745l27z.cloudfront.net/scripts/prebid/dfp/prebid-msq-c.js:3)
  f (https://do69ll745l27z.cloudfront.net/scripts/prebid/dfp/prebid-msq-c.js:3)
  (anonymous function) (https://do69ll745l27z.cloudfront.net/scripts/prebid/dfp/prebid-msq-c.js:3)
  f (https://do69ll745l27z.cloudfront.net/scripts/prebid/dfp/prebid-msq-c.js:3)
  (anonymous function) (https://do69ll745l27z.cloudfront.net/scripts/prebid/dfp/prebid-msq-c.js:3)

  phantomjs://platform/console++.js:263 in error
[ERROR - 2020-11-28T12:59:09.466Z] Session [7f71f270-3179-11eb-885c-1dc0c38310e5] - page.onError - msg: TypeError: undefined is not a function (evaluating 'elements.forEach(function(element){element.addEventListener("click",handleButtonPopupSupportClick)})')

  phantomjs://platform/console++.js:263 in error
[ERROR - 2020-11-28T12:59:09.466Z] Session [7f71f270-3179-11eb-885c-1dc0c38310e5] - page.onError - stack:
  popupSupport (https://static.senscritique.com/lib/optimized_ln/layouts/default.html.min.js?datetime=20201128033452:1)
  init (https://static.senscritique.com/lib/optimized_ln/layouts/default.html.min.js?datetime=20201128033452:1)
  (anonymous function) (https://static.senscritique.com/lib/optimized_ln/layouts/default.html.min.js?datetime=20201128033452:1)

  phantomjs://platform/console++.js:263 in error
[ERROR - 2020-11-28T12:59:09.478Z] Session [7f71f270-3179-11eb-885c-1dc0c38310e5] - page.onError - msg: TypeError: undefined is not a function (evaluating 'google_tag_manager["GTM-T7KMCR"].macro(72).includes("contact")')

  phantomjs://platform/console++.js:263 in error
[ERROR - 2020-11-28T12:59:09.479Z] Session [7f71f270-3179-11eb-885c-1dc0c38310e5] - page.onError - stack:
  global code (https://www.senscritique.com/Armadeon/collection/rating/albums/all/all/all/17/all/all/list/page-1:1)
  insertBefore (:0)
  (anonymous function) (https://www.googletagmanager.com/gtm.js?id=GTM-T7KMCR:1277)
  c (https://www.googletagmanager.com/gtm.js?id=GTM-T7KMCR:1279)
  Jb (https://www.googletagmanager.com/gtm.js?id=GTM-T7KMCR:1106)
  e (https://www.googletagmanager.com/gtm.js?id=GTM-T7KMCR:1177)
  (anonymous function) (https://www.googletagmanager.com/gtm.js?id=GTM-T7KMCR:1096)
  (anonymous function) (https://www.googletagmanager.com/gtm.js?id=GTM-T7KMCR:1178)
  (anonymous function) (https://www.googletagmanager.com/gtm.js?id=GTM-T7KMCR:1178)
  di (https://www.googletagmanager.com/gtm.js?id=GTM-T7KMCR:1178)
  (anonymous function) (https://www.googletagmanager.com/gtm.js?id=GTM-T7KMCR:1178)
  hi (https://www.googletagmanager.com/gtm.js?id=GTM-T7KMCR:1178)
  ni (https://www.googletagmanager.com/gtm.js?id=GTM-T7KMCR:1181)
  Al (https://www.googletagmanager.com/gtm.js?id=GTM-T7KMCR:1214)
  Bl (https://www.googletagmanager.com/gtm.js?id=GTM-T7KMCR:1216)
  push (https://www.googletagmanager.com/gtm.js?id=GTM-T7KMCR:1219)
  (anonymous function) (https://www.senscritique.com/Armadeon/collection/rating/albums/all/all/all/17/all/all/list/page-1:1195)

  phantomjs://platform/console++.js:263 in error
[ERROR - 2020-11-28T12:59:09.482Z] Session [7f71f270-3179-11eb-885c-1dc0c38310e5] - page.onError - msg: TypeError: undefined is not a function (evaluating 'google_tag_manager["GTM-T7KMCR"].macro(94).includes("bd")')

  phantomjs://platform/console++.js:263 in error
[ERROR - 2020-11-28T12:59:09.482Z] Session [7f71f270-3179-11eb-885c-1dc0c38310e5] - page.onError - stack:
  global code (https://www.senscritique.com/Armadeon/collection/rating/albums/all/all/all/17/all/all/list/page-1:1)
  insertBefore (:0)
  (anonymous function) (https://www.googletagmanager.com/gtm.js?id=GTM-T7KMCR:1277)
  c (https://www.googletagmanager.com/gtm.js?id=GTM-T7KMCR:1279)
  Jb (https://www.googletagmanager.com/gtm.js?id=GTM-T7KMCR:1106)
  e (https://www.googletagmanager.com/gtm.js?id=GTM-T7KMCR:1177)
  (anonymous function) (https://www.googletagmanager.com/gtm.js?id=GTM-T7KMCR:1096)
  (anonymous function) (https://www.googletagmanager.com/gtm.js?id=GTM-T7KMCR:1178)
  (anonymous function) (https://www.googletagmanager.com/gtm.js?id=GTM-T7KMCR:1178)
  di (https://www.googletagmanager.com/gtm.js?id=GTM-T7KMCR:1178)
  (anonymous function) (https://www.googletagmanager.com/gtm.js?id=GTM-T7KMCR:1178)
  hi (https://www.googletagmanager.com/gtm.js?id=GTM-T7KMCR:1178)
  ni (https://www.googletagmanager.com/gtm.js?id=GTM-T7KMCR:1181)
  Al (https://www.googletagmanager.com/gtm.js?id=GTM-T7KMCR:1214)
  Bl (https://www.googletagmanager.com/gtm.js?id=GTM-T7KMCR:1216)
  push (https://www.googletagmanager.com/gtm.js?id=GTM-T7KMCR:1219)
  (anonymous function) (https://www.senscritique.com/Armadeon/collection/rating/albums/all/all/all/17/all/all/list/page-1:1195)

  phantomjs://platform/console++.js:263 in error
[ERROR - 2020-11-28T12:59:09.483Z] Session [7f71f270-3179-11eb-885c-1dc0c38310e5] - page.onError - msg: TypeError: undefined is not a function (evaluating 'google_tag_manager["GTM-T7KMCR"].macro(160).includes("film")')

  phantomjs://platform/console++.js:263 in error
[ERROR - 2020-11-28T12:59:09.483Z] Session [7f71f270-3179-11eb-885c-1dc0c38310e5] - page.onError - stack:
  global code (https://www.senscritique.com/Armadeon/collection/rating/albums/all/all/all/17/all/all/list/page-1:1)
  insertBefore (:0)
  (anonymous function) (https://www.googletagmanager.com/gtm.js?id=GTM-T7KMCR:1277)
  c (https://www.googletagmanager.com/gtm.js?id=GTM-T7KMCR:1279)
  Jb (https://www.googletagmanager.com/gtm.js?id=GTM-T7KMCR:1106)
  e (https://www.googletagmanager.com/gtm.js?id=GTM-T7KMCR:1177)
  (anonymous function) (https://www.googletagmanager.com/gtm.js?id=GTM-T7KMCR:1096)
  (anonymous function) (https://www.googletagmanager.com/gtm.js?id=GTM-T7KMCR:1178)
  (anonymous function) (https://www.googletagmanager.com/gtm.js?id=GTM-T7KMCR:1178)
  di (https://www.googletagmanager.com/gtm.js?id=GTM-T7KMCR:1178)
  (anonymous function) (https://www.googletagmanager.com/gtm.js?id=GTM-T7KMCR:1178)
  hi (https://www.googletagmanager.com/gtm.js?id=GTM-T7KMCR:1178)
  ni (https://www.googletagmanager.com/gtm.js?id=GTM-T7KMCR:1181)
  Al (https://www.googletagmanager.com/gtm.js?id=GTM-T7KMCR:1214)
  Bl (https://www.googletagmanager.com/gtm.js?id=GTM-T7KMCR:1216)
  push (https://www.googletagmanager.com/gtm.js?id=GTM-T7KMCR:1219)
  (anonymous function) (https://www.senscritique.com/Armadeon/collection/rating/albums/all/all/all/17/all/all/list/page-1:1195)

  phantomjs://platform/console++.js:263 in error
[ERROR - 2020-11-28T12:59:09.485Z] Session [7f71f270-3179-11eb-885c-1dc0c38310e5] - page.onError - msg: TypeError: undefined is not a function (evaluating 'google_tag_manager["GTM-T7KMCR"].macro(205).includes("jeu video")')

  phantomjs://platform/console++.js:263 in error
[ERROR - 2020-11-28T12:59:09.485Z] Session [7f71f270-3179-11eb-885c-1dc0c38310e5] - page.onError - stack:
  global code (https://www.senscritique.com/Armadeon/collection/rating/albums/all/all/all/17/all/all/list/page-1:1)
  insertBefore (:0)
  (anonymous function) (https://www.googletagmanager.com/gtm.js?id=GTM-T7KMCR:1277)
  c (https://www.googletagmanager.com/gtm.js?id=GTM-T7KMCR:1279)
  Jb (https://www.googletagmanager.com/gtm.js?id=GTM-T7KMCR:1106)
  e (https://www.googletagmanager.com/gtm.js?id=GTM-T7KMCR:1177)
  (anonymous function) (https://www.googletagmanager.com/gtm.js?id=GTM-T7KMCR:1096)
  (anonymous function) (https://www.googletagmanager.com/gtm.js?id=GTM-T7KMCR:1178)
  (anonymous function) (https://www.googletagmanager.com/gtm.js?id=GTM-T7KMCR:1178)
  di (https://www.googletagmanager.com/gtm.js?id=GTM-T7KMCR:1178)
  (anonymous function) (https://www.googletagmanager.com/gtm.js?id=GTM-T7KMCR:1178)
  hi (https://www.googletagmanager.com/gtm.js?id=GTM-T7KMCR:1178)
  ni (https://www.googletagmanager.com/gtm.js?id=GTM-T7KMCR:1181)
  Al (https://www.googletagmanager.com/gtm.js?id=GTM-T7KMCR:1214)
  Bl (https://www.googletagmanager.com/gtm.js?id=GTM-T7KMCR:1216)
  push (https://www.googletagmanager.com/gtm.js?id=GTM-T7KMCR:1219)
  (anonymous function) (https://www.senscritique.com/Armadeon/collection/rating/albums/all/all/all/17/all/all/list/page-1:1195)

  phantomjs://platform/console++.js:263 in error
[ERROR - 2020-11-28T12:59:09.488Z] Session [7f71f270-3179-11eb-885c-1dc0c38310e5] - page.onError - msg: TypeError: undefined is not a function (evaluating 'google_tag_manager["GTM-T7KMCR"].macro(241).includes("livre")')

  phantomjs://platform/console++.js:263 in error
[ERROR - 2020-11-28T12:59:09.488Z] Session [7f71f270-3179-11eb-885c-1dc0c38310e5] - page.onError - stack:
  global code (https://www.senscritique.com/Armadeon/collection/rating/albums/all/all/all/17/all/all/list/page-1:1)
  insertBefore (:0)
  (anonymous function) (https://www.googletagmanager.com/gtm.js?id=GTM-T7KMCR:1277)
  c (https://www.googletagmanager.com/gtm.js?id=GTM-T7KMCR:1279)
  Jb (https://www.googletagmanager.com/gtm.js?id=GTM-T7KMCR:1106)
  e (https://www.googletagmanager.com/gtm.js?id=GTM-T7KMCR:1177)
  (anonymous function) (https://www.googletagmanager.com/gtm.js?id=GTM-T7KMCR:1096)
  (anonymous function) (https://www.googletagmanager.com/gtm.js?id=GTM-T7KMCR:1178)
  (anonymous function) (https://www.googletagmanager.com/gtm.js?id=GTM-T7KMCR:1178)
  di (https://www.googletagmanager.com/gtm.js?id=GTM-T7KMCR:1178)
  (anonymous function) (https://www.googletagmanager.com/gtm.js?id=GTM-T7KMCR:1178)
  hi (https://www.googletagmanager.com/gtm.js?id=GTM-T7KMCR:1178)
  ni (https://www.googletagmanager.com/gtm.js?id=GTM-T7KMCR:1181)
  Al (https://www.googletagmanager.com/gtm.js?id=GTM-T7KMCR:1214)
  Bl (https://www.googletagmanager.com/gtm.js?id=GTM-T7KMCR:1216)
  push (https://www.googletagmanager.com/gtm.js?id=GTM-T7KMCR:1219)
  (anonymous function) (https://www.senscritique.com/Armadeon/collection/rating/albums/all/all/all/17/all/all/list/page-1:1195)

  phantomjs://platform/console++.js:263 in error
[ERROR - 2020-11-28T12:59:09.488Z] Session [7f71f270-3179-11eb-885c-1dc0c38310e5] - page.onError - msg: TypeError: undefined is not a function (evaluating 'google_tag_manager["GTM-T7KMCR"].macro(301).includes("profil edit")')

  phantomjs://platform/console++.js:263 in error
[ERROR - 2020-11-28T12:59:09.488Z] Session [7f71f270-3179-11eb-885c-1dc0c38310e5] - page.onError - stack:
  global code (https://www.senscritique.com/Armadeon/collection/rating/albums/all/all/all/17/all/all/list/page-1:1)
  insertBefore (:0)
  (anonymous function) (https://www.googletagmanager.com/gtm.js?id=GTM-T7KMCR:1277)
  c (https://www.googletagmanager.com/gtm.js?id=GTM-T7KMCR:1279)
  Jb (https://www.googletagmanager.com/gtm.js?id=GTM-T7KMCR:1106)
  e (https://www.googletagmanager.com/gtm.js?id=GTM-T7KMCR:1177)
  (anonymous function) (https://www.googletagmanager.com/gtm.js?id=GTM-T7KMCR:1096)
  (anonymous function) (https://www.googletagmanager.com/gtm.js?id=GTM-T7KMCR:1178)
  (anonymous function) (https://www.googletagmanager.com/gtm.js?id=GTM-T7KMCR:1178)
  di (https://www.googletagmanager.com/gtm.js?id=GTM-T7KMCR:1178)
  (anonymous function) (https://www.googletagmanager.com/gtm.js?id=GTM-T7KMCR:1178)
  hi (https://www.googletagmanager.com/gtm.js?id=GTM-T7KMCR:1178)
  ni (https://www.googletagmanager.com/gtm.js?id=GTM-T7KMCR:1181)
  Al (https://www.googletagmanager.com/gtm.js?id=GTM-T7KMCR:1214)
  Bl (https://www.googletagmanager.com/gtm.js?id=GTM-T7KMCR:1216)
  push (https://www.googletagmanager.com/gtm.js?id=GTM-T7KMCR:1219)
  (anonymous function) (https://www.senscritique.com/Armadeon/collection/rating/albums/all/all/all/17/all/all/list/page-1:1195)

  phantomjs://platform/console++.js:263 in error
[ERROR - 2020-11-28T12:59:09.489Z] Session [7f71f270-3179-11eb-885c-1dc0c38310e5] - page.onError - msg: TypeError: undefined is not a function (evaluating 'google_tag_manager["GTM-T7KMCR"].macro(311).includes("profil")')

  phantomjs://platform/console++.js:263 in error
[ERROR - 2020-11-28T12:59:09.489Z] Session [7f71f270-3179-11eb-885c-1dc0c38310e5] - page.onError - stack:
  global code (https://www.senscritique.com/Armadeon/collection/rating/albums/all/all/all/17/all/all/list/page-1:1)
  insertBefore (:0)
  (anonymous function) (https://www.googletagmanager.com/gtm.js?id=GTM-T7KMCR:1277)
  c (https://www.googletagmanager.com/gtm.js?id=GTM-T7KMCR:1279)
  Jb (https://www.googletagmanager.com/gtm.js?id=GTM-T7KMCR:1106)
  e (https://www.googletagmanager.com/gtm.js?id=GTM-T7KMCR:1177)
  (anonymous function) (https://www.googletagmanager.com/gtm.js?id=GTM-T7KMCR:1096)
  (anonymous function) (https://www.googletagmanager.com/gtm.js?id=GTM-T7KMCR:1178)
  (anonymous function) (https://www.googletagmanager.com/gtm.js?id=GTM-T7KMCR:1178)
  di (https://www.googletagmanager.com/gtm.js?id=GTM-T7KMCR:1178)
  (anonymous function) (https://www.googletagmanager.com/gtm.js?id=GTM-T7KMCR:1178)
  hi (https://www.googletagmanager.com/gtm.js?id=GTM-T7KMCR:1178)
  ni (https://www.googletagmanager.com/gtm.js?id=GTM-T7KMCR:1181)
  Al (https://www.googletagmanager.com/gtm.js?id=GTM-T7KMCR:1214)
  Bl (https://www.googletagmanager.com/gtm.js?id=GTM-T7KMCR:1216)
  push (https://www.googletagmanager.com/gtm.js?id=GTM-T7KMCR:1219)
  (anonymous function) (https://www.senscritique.com/Armadeon/collection/rating/albums/all/all/all/17/all/all/list/page-1:1195)

  phantomjs://platform/console++.js:263 in error
[ERROR - 2020-11-28T12:59:09.491Z] Session [7f71f270-3179-11eb-885c-1dc0c38310e5] - page.onError - msg: TypeError: undefined is not a function (evaluating 'google_tag_manager["GTM-T7KMCR"].macro(322).includes("serie")')

  phantomjs://platform/console++.js:263 in error
[ERROR - 2020-11-28T12:59:09.491Z] Session [7f71f270-3179-11eb-885c-1dc0c38310e5] - page.onError - stack:
  global code (https://www.senscritique.com/Armadeon/collection/rating/albums/all/all/all/17/all/all/list/page-1:1)
  insertBefore (:0)
  (anonymous function) (https://www.googletagmanager.com/gtm.js?id=GTM-T7KMCR:1277)
  c (https://www.googletagmanager.com/gtm.js?id=GTM-T7KMCR:1279)
  Jb (https://www.googletagmanager.com/gtm.js?id=GTM-T7KMCR:1106)
  e (https://www.googletagmanager.com/gtm.js?id=GTM-T7KMCR:1177)
  (anonymous function) (https://www.googletagmanager.com/gtm.js?id=GTM-T7KMCR:1096)
  (anonymous function) (https://www.googletagmanager.com/gtm.js?id=GTM-T7KMCR:1178)
  (anonymous function) (https://www.googletagmanager.com/gtm.js?id=GTM-T7KMCR:1178)
  di (https://www.googletagmanager.com/gtm.js?id=GTM-T7KMCR:1178)
  (anonymous function) (https://www.googletagmanager.com/gtm.js?id=GTM-T7KMCR:1178)
  hi (https://www.googletagmanager.com/gtm.js?id=GTM-T7KMCR:1178)
  ni (https://www.googletagmanager.com/gtm.js?id=GTM-T7KMCR:1181)
  Al (https://www.googletagmanager.com/gtm.js?id=GTM-T7KMCR:1214)
  Bl (https://www.googletagmanager.com/gtm.js?id=GTM-T7KMCR:1216)
  push (https://www.googletagmanager.com/gtm.js?id=GTM-T7KMCR:1219)
  (anonymous function) (https://www.senscritique.com/Armadeon/collection/rating/albums/all/all/all/17/all/all/list/page-1:1195)

  phantomjs://platform/console++.js:263 in error
[ERROR - 2020-11-28T12:59:09.503Z] Session [7f71f270-3179-11eb-885c-1dc0c38310e5] - page.onError - msg: TypeError: undefined is not an object (evaluating 'SC.Collection.Events')

  phantomjs://platform/console++.js:263 in error
[ERROR - 2020-11-28T12:59:09.503Z] Session [7f71f270-3179-11eb-885c-1dc0c38310e5] - page.onError - stack:
  bindCurrentTvShowActions (https://static.senscritique.com/lib/optimized_ln/collections/index.html.min.js?datetime=20201128033452:1)
  init (https://static.senscritique.com/lib/optimized_ln/collections/index.html.min.js?datetime=20201128033452:1)
  (anonymous function) (https://static.senscritique.com/lib/optimized_ln/collections/index.html.min.js?datetime=20201128033452:1)
  j (https://ajax.googleapis.com/ajax/libs/jquery/2.1.3/jquery.min.js:2)
  fireWith (https://ajax.googleapis.com/ajax/libs/jquery/2.1.3/jquery.min.js:2)
  ready (https://ajax.googleapis.com/ajax/libs/jquery/2.1.3/jquery.min.js:2)
  I (https://ajax.googleapis.com/ajax/libs/jquery/2.1.3/jquery.min.js:2)

  phantomjs://platform/console++.js:263 in error
[ERROR - 2020-11-28T12:59:11.924Z] Session [7f71f270-3179-11eb-885c-1dc0c38310e5] - page.onError - msg: TypeError: undefined is not a function (evaluating 'this.triggerCallsIfPossible()')

  phantomjs://platform/console++.js:263 in error
[ERROR - 2020-11-28T12:59:11.924Z] Session [7f71f270-3179-11eb-885c-1dc0c38310e5] - page.onError - stack:
  panic (https://static.mediarithmics.com/tag/1/tag.min.js:3)
  (anonymous function) (https://static.mediarithmics.com/tag/1/tag.min.js:3)
  onerror (https://static.mediarithmics.com/tag/1/tag.min.js:3)
  appendChild (:0)
  loadScript (https://static.mediarithmics.com/tag/1/tag.min.js:3)
  finishIfPossible (https://static.mediarithmics.com/tag/1/tag.min.js:3)
  _timeout (https://static.mediarithmics.com/tag/1/tag.min.js:3)
  (anonymous function) (https://static.mediarithmics.com/tag/1/tag.min.js:3)

  phantomjs://platform/console++.js:263 in error
[ERROR - 2020-11-28T12:59:12.183Z] Session [7f71f270-3179-11eb-885c-1dc0c38310e5] - page.onError - msg: TypeError: undefined is not a function (evaluating 'elements.forEach(function(element){element.addEventListener("click",handleButtonPopupSupportClick)})')

  phantomjs://platform/console++.js:263 in error
[ERROR - 2020-11-28T12:59:12.183Z] Session [7f71f270-3179-11eb-885c-1dc0c38310e5] - page.onError - stack:
  popupSupport (https://static.senscritique.com/lib/optimized_ln/layouts/default.html.min.js?datetime=20201128033452:1)
  init (https://static.senscritique.com/lib/optimized_ln/layouts/default.html.min.js?datetime=20201128033452:1)
  (anonymous function) (https://static.senscritique.com/lib/optimized_ln/layouts/default.html.min.js?datetime=20201128033452:1)

  phantomjs://platform/console++.js:263 in error
[ERROR - 2020-11-28T12:59:12.200Z] Session [7f71f270-3179-11eb-885c-1dc0c38310e5] - page.onError - msg: TypeError: undefined is not a function (evaluating 'google_tag_manager["GTM-T7KMCR"].macro(72).includes("contact")')

  phantomjs://platform/console++.js:263 in error
[ERROR - 2020-11-28T12:59:12.201Z] Session [7f71f270-3179-11eb-885c-1dc0c38310e5] - page.onError - stack:
  global code (https://www.senscritique.com/Armadeon/collection/rating/albums/all/all/all/17/all/all/list/page-2:1)
  insertBefore (:0)
  (anonymous function) (https://www.googletagmanager.com/gtm.js?id=GTM-T7KMCR:1277)
  c (https://www.googletagmanager.com/gtm.js?id=GTM-T7KMCR:1279)
  Jb (https://www.googletagmanager.com/gtm.js?id=GTM-T7KMCR:1106)
  e (https://www.googletagmanager.com/gtm.js?id=GTM-T7KMCR:1177)
  (anonymous function) (https://www.googletagmanager.com/gtm.js?id=GTM-T7KMCR:1096)
  (anonymous function) (https://www.googletagmanager.com/gtm.js?id=GTM-T7KMCR:1178)
  (anonymous function) (https://www.googletagmanager.com/gtm.js?id=GTM-T7KMCR:1178)
  di (https://www.googletagmanager.com/gtm.js?id=GTM-T7KMCR:1178)
  (anonymous function) (https://www.googletagmanager.com/gtm.js?id=GTM-T7KMCR:1178)
  hi (https://www.googletagmanager.com/gtm.js?id=GTM-T7KMCR:1178)
  ni (https://www.googletagmanager.com/gtm.js?id=GTM-T7KMCR:1181)
  Al (https://www.googletagmanager.com/gtm.js?id=GTM-T7KMCR:1214)
  Bl (https://www.googletagmanager.com/gtm.js?id=GTM-T7KMCR:1216)
  push (https://www.googletagmanager.com/gtm.js?id=GTM-T7KMCR:1219)
  (anonymous function) (https://www.senscritique.com/Armadeon/collection/rating/albums/all/all/all/17/all/all/list/page-2:1067)

  phantomjs://platform/console++.js:263 in error
[ERROR - 2020-11-28T12:59:12.203Z] Session [7f71f270-3179-11eb-885c-1dc0c38310e5] - page.onError - msg: TypeError: undefin[INFO  - 2020-11-28T13:00:27.395Z] SessionManagerReqHand - _cleanupWindowlessSessions - Asynchronous Sessions clean-up phase starting NOW
[INFO  - 2020-11-28T13:05:27.395Z] SessionManagerReqHand - _cleanupWindowlessSessions - Asynchronous Sessions clean-up phase starting NOW
[INFO  - 2020-11-28T13:10:27.395Z] SessionManagerReqHand - _cleanupWindowlessSessions - Asynchronous Sessions clean-up phase starting NOW
[INFO  - 2020-11-28T13:15:27.395Z] SessionManagerReqHand - _cleanupWindowlessSessions - Asynchronous Sessions clean-up phase starting NOW
[INFO  - 2020-11-28T13:20:27.395Z] SessionManagerReqHand - _cleanupWindowlessSessions - Asynchronous Sessions clean-up phase starting NOW
[INFO  - 2020-11-28T13:25:27.396Z] SessionManagerReqHand - _cleanupWindowlessSessions - Asynchronous Sessions clean-up phase starting NOW
[INFO  - 2020-11-28T13:30:27.395Z] SessionManagerReqHand - _cleanupWindowlessSessions - Asynchronous Sessions clean-up phase starting NOW
[INFO  - 2020-11-28T13:35:27.396Z] SessionManagerReqHand - _cleanupWindowlessSessions - Asynchronous Sessions clean-up phase starting NOW
[INFO  - 2020-11-28T13:40:27.396Z] SessionManagerReqHand - _cleanupWindowlessSessions - Asynchronous Sessions clean-up phase starting NOW
[INFO  - 2020-11-28T13:45:27.396Z] SessionManagerReqHand - _cleanupWindowlessSessions - Asynchronous Sessions clean-up phase starting NOW
[INFO  - 2020-11-28T13:50:27.396Z] SessionManagerReqHand - _cleanupWindowlessSessions - Asynchronous Sessions clean-up phase starting NOW
[INFO  - 2020-11-28T13:55:27.396Z] SessionManagerReqHand - _cleanupWindowlessSessions - Asynchronous Sessions clean-up phase starting NOW
[INFO  - 2020-11-28T14:00:27.396Z] SessionManagerReqHand - _cleanupWindowlessSessions - Asynchronous Sessions clean-up phase starting NOW
[INFO  - 2020-11-28T14:05:27.396Z] SessionManagerReqHand - _cleanupWindowlessSessions - Asynchronous Sessions clean-up phase starting NOW
[INFO  - 2020-11-28T14:10:27.396Z] SessionManagerReqHand - _cleanupWindowlessSessions - Asynchronous Sessions clean-up phase starting NOW
[INFO  - 2020-11-28T14:15:27.396Z] SessionManagerReqHand - _cleanupWindowlessSessions - Asynchronous Sessions clean-up phase starting NOW
[INFO  - 2020-11-28T14:20:27.396Z] SessionManagerReqHand - _cleanupWindowlessSessions - Asynchronous Sessions clean-up phase starting NOW
[INFO  - 2020-11-28T14:25:27.396Z] SessionManagerReqHand - _cleanupWindowlessSessions - Asynchronous Sessions clean-up phase starting NOW
[INFO  - 2020-11-28T14:30:27.397Z] SessionManagerReqHand - _cleanupWindowlessSessions - Asynchronous Sessions clean-up phase starting NOW
[INFO  - 2020-11-28T14:35:27.397Z] SessionManagerReqHand - _cleanupWindowlessSessions - Asynchronous Sessions clean-up phase starting NOW
[INFO  - 2020-11-28T14:40:27.397Z] SessionManagerReqHand - _cleanupWindowlessSessions - Asynchronous Sessions clean-up phase starting NOW
[INFO  - 2020-11-28T14:45:27.397Z] SessionManagerReqHand - _cleanupWindowlessSessions - Asynchronous Sessions clean-up phase starting NOW
[INFO  - 2020-11-28T14:50:27.397Z] SessionManagerReqHand - _cleanupWindowlessSessions - Asynchronous Sessions clean-up phase starting NOW
[INFO  - 2020-11-28T14:55:27.397Z] SessionManagerReqHand - _cleanupWindowlessSessions - Asynchronous Sessions clean-up phase starting NOW
[INFO  - 2020-11-28T15:00:27.398Z] SessionManagerReqHand - _cleanupWindowlessSessions - Asynchronous Sessions clean-up phase starting NOW
[INFO  - 2020-11-28T15:05:27.398Z] SessionManagerReqHand - _cleanupWindowlessSessions - Asynchronous Sessions clean-up phase starting NOW
[INFO  - 2020-11-28T15:10:27.398Z] SessionManagerReqHand - _cleanupWindowlessSessions - Asynchronous Sessions clean-up phase starting NOW
[INFO  - 2020-11-28T15:15:27.398Z] SessionManagerReqHand - _cleanupWindowlessSessions - Asynchronous Sessions clean-up phase starting NOW
[INFO  - 2020-11-28T15:20:27.398Z] SessionManagerReqHand - _cleanupWindowlessSessions - Asynchronous Sessions clean-up phase starting NOW
[INFO  - 2020-11-28T15:25:27.398Z] SessionManagerReqHand - _cleanupWindowlessSessions - Asynchronous Sessions clean-up phase starting NOW
[INFO  - 2020-11-28T15:30:27.398Z] SessionManagerReqHand - _cleanupWindowlessSessions - Asynchronous Sessions clean-up phase starting NOW
[INFO  - 2020-11-28T15:35:27.398Z] SessionManagerReqHand - _cleanupWindowlessSessions - Asynchronous Sessions clean-up phase starting NOW
[INFO  - 2020-11-28T15:40:27.398Z] SessionManagerReqHand - _cleanupWindowlessSessions - Asynchronous Sessions clean-up phase starting NOW
[INFO  - 2020-11-28T15:45:27.398Z] SessionManagerReqHand - _cleanupWindowlessSessions - Asynchronous Sessions clean-up phase starting NOW
[INFO  - 2020-11-28T15:50:27.398Z] SessionManagerReqHand - _cleanupWindowlessSessions - Asynchronous Sessions clean-up phase starting NOW
[INFO  - 2020-11-28T15:55:27.398Z] SessionManagerReqHand - _cleanupWindowlessSessions - Asynchronous Sessions clean-up phase starting NOW
[INFO  - 2020-11-28T16:00:27.398Z] SessionManagerReqHand - _cleanupWindowlessSessions - Asynchronous Sessions clean-up phase starting NOW
[INFO  - 2020-11-28T16:05:27.398Z] SessionManagerReqHand - _cleanupWindowlessSessions - Asynchronous Sessions clean-up phase starting NOW
[INFO  - 2020-11-28T16:10:27.398Z] SessionManagerReqHand - _cleanupWindowlessSessions - Asynchronous Sessions clean-up phase starting NOW
[INFO  - 2020-11-28T16:15:27.398Z] SessionManagerReqHand - _cleanupWindowlessSessions - Asynchronous Sessions clean-up phase starting NOW
[INFO  - 2020-11-28T16:20:27.398Z] SessionManagerReqHand - _cleanupWindowlessSessions - Asynchronous Sessions clean-up phase starting NOW
[INFO  - 2020-11-28T16:25:27.398Z] SessionManagerReqHand - _cleanupWindowlessSessions - Asynchronous Sessions clean-up phase starting NOW
[INFO  - 2020-11-28T16:30:27.398Z] SessionManagerReqHand - _cleanupWindowlessSessions - Asynchronous Sessions clean-up phase starting NOW
[INFO  - 2020-11-28T16:35:27.398Z] SessionManagerReqHand - _cleanupWindowlessSessions - Asynchronous Sessions clean-up phase starting NOW
[INFO  - 2020-11-28T16:40:27.398Z] SessionManagerReqHand - _cleanupWindowlessSessions - Asynchronous Sessions clean-up phase starting NOW
[INFO  - 2020-11-28T16:45:27.401Z] SessionManagerReqHand - _cleanupWindowlessSessions - Asynchronous Sessions clean-up phase starting NOW
[INFO  - 2020-11-28T16:50:27.404Z] SessionManagerReqHand - _cleanupWindowlessSessions - Asynchronous Sessions clean-up phase starting NOW
[INFO  - 2020-11-28T16:55:27.398Z] SessionManagerReqHand - _cleanupWindowlessSessions - Asynchronous Sessions clean-up phase starting NOW
[INFO  - 2020-11-28T17:00:27.398Z] SessionManagerReqHand - _cleanupWindowlessSessions - Asynchronous Sessions clean-up phase starting NOW
[INFO  - 2020-11-28T17:05:27.398Z] SessionManagerReqHand - _cleanupWindowlessSessions - Asynchronous Sessions clean-up phase starting NOW
[INFO  - 2020-11-28T17:10:27.398Z] SessionManagerReqHand - _cleanupWindowlessSessions - Asynchronous Sessions clean-up phase starting NOW
[INFO  - 2020-11-28T17:15:27.398Z] SessionManagerReqHand - _cleanupWindowlessSessions - Asynchronous Sessions clean-up phase starting NOW
[INFO  - 2020-11-28T17:20:27.398Z] SessionManagerReqHand - _cleanupWindowlessSessions - Asynchronous Sessions clean-up phase starting NOW
[INFO  - 2020-11-28T17:25:27.398Z] SessionManagerReqHand - _cleanupWindowlessSessions - Asynchronous Sessions clean-up phase starting NOW
[INFO  - 2020-11-28T17:30:27.398Z] SessionManagerReqHand - _cleanupWindowlessSessions - Asynchronous Sessions clean-up phase starting NOW
[INFO  - 2020-11-28T17:35:27.398Z] SessionManagerReqHand - _cleanupWindowlessSessions - Asynchronous Sessions clean-up phase starting NOW
[INFO  - 2020-11-28T17:40:27.398Z] SessionManagerReqHand - _cleanupWindowlessSessions - Asynchronous Sessions clean-up phase starting NOW
[INFO  - 2020-11-28T17:45:27.398Z] SessionManagerReqHand - _cleanupWindowlessSessions - Asynchronous Sessions clean-up phase starting NOW
[INFO  - 2020-11-28T17:50:27.398Z] SessionManagerReqHand - _cleanupWindowlessSessions - Asynchronous Sessions clean-up phase starting NOW
[INFO  - 2020-11-28T17:55:27.398Z] SessionManagerReqHand - _cleanupWindowlessSessions - Asynchronous Sessions clean-up phase starting NOW
[INFO  - 2020-11-28T18:00:27.398Z] SessionManagerReqHand - _cleanupWindowlessSessions - Asynchronous Sessions clean-up phase starting NOW
[INFO  - 2020-11-28T18:05:27.398Z] SessionManagerReqHand - _cleanupWindowlessSessions - Asynchronous Sessions clean-up phase starting NOW
[INFO  - 2020-11-28T18:10:27.398Z] SessionManagerReqHand - _cleanupWindowlessSessions - Asynchronous Sessions clean-up phase starting NOW
[INFO  - 2020-11-28T18:15:27.398Z] SessionManagerReqHand - _cleanupWindowlessSessions - Asynchronous Sessions clean-up phase starting NOW
[INFO  - 2020-11-28T18:20:27.399Z] SessionManagerReqHand - _cleanupWindowlessSessions - Asynchronous Sessions clean-up phase starting NOW
[INFO  - 2020-11-28T18:25:27.399Z] SessionManagerReqHand - _cleanupWindowlessSessions - Asynchronous Sessions clean-up phase starting NOW
[INFO  - 2020-11-28T18:30:27.399Z] SessionManagerReqHand - _cleanupWindowlessSessions - Asynchronous Sessions clean-up phase starting NOW
[INFO  - 2020-11-28T18:35:27.399Z] SessionManagerReqHand - _cleanupWindowlessSessions - Asynchronous Sessions clean-up phase starting NOW
[INFO  - 2020-11-28T18:40:27.399Z] SessionManagerReqHand - _cleanupWindowlessSessions - Asynchronous Sessions clean-up phase starting NOW
[INFO  - 2020-11-28T18:45:27.399Z] SessionManagerReqHand - _cleanupWindowlessSessions - Asynchronous Sessions clean-up phase starting NOW
[INFO  - 2020-11-28T18:50:27.399Z] SessionManagerReqHand - _cleanupWindowlessSessions - Asynchronous Sessions clean-up phase starting NOW
[INFO  - 2020-11-28T18:55:27.399Z] SessionManagerReqHand - _cleanupWindowlessSessions - Asynchronous Sessions clean-up phase starting NOW
[INFO  - 2020-11-28T19:00:27.399Z] SessionManagerReqHand - _cleanupWindowlessSessions - Asynchronous Sessions clean-up phase starting NOW
[INFO  - 2020-11-28T19:05:27.399Z] SessionManagerReqHand - _cleanupWindowlessSessions - Asynchronous Sessions clean-up phase starting NOW
[INFO  - 2020-11-28T19:10:27.523Z] SessionManagerReqHand - _cleanupWindowlessSessions - Asynchronous Sessions clean-up phase starting NOW
[INFO  - 2020-11-28T19:15:27.523Z] SessionManagerReqHand - _cleanupWindowlessSessions - Asynchronous Sessions clean-up phase starting NOW
[INFO  - 2020-11-28T19:20:27.523Z] SessionManagerReqHand - _cleanupWindowlessSessions - Asynchronous Sessions clean-up phase starting NOW
[INFO  - 2020-11-28T19:25:27.523Z] SessionManagerReqHand - _cleanupWindowlessSessions - Asynchronous Sessions clean-up phase starting NOW
[INFO  - 2020-11-28T19:30:27.523Z] SessionManagerReqHand - _cleanupWindowlessSessions - Asynchronous Sessions clean-up phase starting NOW
[INFO  - 2020-11-28T19:35:27.523Z] SessionManagerReqHand - _cleanupWindowlessSessions - Asynchronous Sessions clean-up phase starting NOW
[INFO  - 2020-11-28T19:40:27.523Z] SessionManagerReqHand - _cleanupWindowlessSessions - Asynchronous Sessions clean-up phase starting NOW
[INFO  - 2020-11-28T19:45:27.523Z] SessionManagerReqHand - _cleanupWindowlessSessions - Asynchronous Sessions clean-up phase starting NOW
[INFO  - 2020-11-28T19:50:27.523Z] SessionManagerReqHand - _cleanupWindowlessSessions - Asynchronous Sessions clean-up phase starting NOW
[INFO  - 2020-11-28T19:55:27.523Z] SessionManagerReqHand - _cleanupWindowlessSessions - Asynchronous Sessions clean-up phase starting NOW
[INFO  - 2020-11-28T20:00:27.523Z] SessionManagerReqHand - _cleanupWindowlessSessions - Asynchronous Sessions clean-up phase starting NOW
[INFO  - 2020-11-28T20:05:27.523Z] SessionManagerReqHand - _cleanupWindowlessSessions - Asynchronous Sessions clean-up phase starting NOW
[INFO  - 2020-11-28T20:10:27.523Z] SessionManagerReqHand - _cleanupWindowlessSessions - Asynchronous Sessions clean-up phase starting NOW
[INFO  - 2020-11-28T20:15:27.523Z] SessionManagerReqHand - _cleanupWindowlessSessions - Asynchronous Sessions clean-up phase starting NOW
[INFO  - 2020-11-28T20:20:27.523Z] SessionManagerReqHand - _cleanupWindowlessSessions - Asynchronous Sessions clean-up phase starting NOW
[INFO  - 2020-11-28T20:25:27.523Z] SessionManagerReqHand - _cleanupWindowlessSessions - Asynchronous Sessions clean-up phase starting NOW
[INFO  - 2020-11-28T20:30:27.523Z] SessionManagerReqHand - _cleanupWindowlessSessions - Asynchronous Sessions clean-up phase starting NOW
[INFO  - 2020-11-28T20:35:27.523Z] SessionManagerReqHand - _cleanupWindowlessSessions - Asynchronous Sessions clean-up phase starting NOW
[INFO  - 2020-11-28T20:40:27.523Z] SessionManagerReqHand - _cleanupWindowlessSessions - Asynchronous Sessions clean-up phase starting NOW
[INFO  - 2020-11-28T20:45:27.523Z] SessionManagerReqHand - _cleanupWindowlessSessions - Asynchronous Sessions clean-up phase starting NOW
[INFO  - 2020-11-28T20:50:27.523Z] SessionManagerReqHand - _cleanupWindowlessSessions - Asynchronous Sessions clean-up phase starting NOW
[INFO  - 2020-11-28T20:55:27.523Z] SessionManagerReqHand - _cleanupWindowlessSessions - Asynchronous Sessions clean-up phase starting NOW
[INFO  - 2020-11-28T21:00:27.523Z] SessionManagerReqHand - _cleanupWindowlessSessions - Asynchronous Sessions clean-up phase starting NOW
[INFO  - 2020-11-28T21:05:27.523Z] SessionManagerReqHand - _cleanupWindowlessSessions - Asynchronous Sessions clean-up phase starting NOW
[INFO  - 2020-11-28T21:10:27.523Z] SessionManagerReqHand - _cleanupWindowlessSessions - Asynchronous Sessions clean-up phase starting NOW
[INFO  - 2020-11-28T21:15:27.523Z] SessionManagerReqHand - _cleanupWindowlessSessions - Asynchronous Sessions clean-up phase starting NOW
[INFO  - 2020-11-28T21:20:27.523Z] SessionManagerReqHand - _cleanupWindowlessSessions - Asynchronous Sessions clean-up phase starting NOW
[INFO  - 2020-11-28T21:25:27.523Z] SessionManagerReqHand - _cleanupWindowlessSessions - Asynchronous Sessions clean-up phase starting NOW
[INFO  - 2020-11-28T21:30:27.524Z] SessionManagerReqHand - _cleanupWindowlessSessions - Asynchronous Sessions clean-up phase starting NOW
[INFO  - 2020-11-28T21:35:27.524Z] SessionManagerReqHand - _cleanupWindowlessSessions - Asynchronous Sessions clean-up phase starting NOW
[INFO  - 2020-11-28T21:40:27.524Z] SessionManagerReqHand - _cleanupWindowlessSessions - Asynchronous Sessions clean-up phase starting NOW
[INFO  - 2020-11-28T21:45:27.524Z] SessionManagerReqHand - _cleanupWindowlessSessions - Asynchronous Sessions clean-up phase starting NOW
[INFO  - 2020-11-28T21:50:27.524Z] SessionManagerReqHand - _cleanupWindowlessSessions - Asynchronous Sessions clean-up phase starting NOW
[INFO  - 2020-11-28T21:55:27.524Z] SessionManagerReqHand - _cleanupWindowlessSessions - Asynchronous Sessions clean-up phase starting NOW
[INFO  - 2020-11-28T22:00:27.524Z] SessionManagerReqHand - _cleanupWindowlessSessions - Asynchronous Sessions clean-up phase starting NOW
[INFO  - 2020-11-28T22:05:27.524Z] SessionManagerReqHand - _cleanupWindowlessSessions - Asynchronous Sessions clean-up phase starting NOW
[INFO  - 2020-11-28T22:10:27.524Z] SessionManagerReqHand - _cleanupWindowlessSessions - Asynchronous Sessions clean-up phase starting NOW
[INFO  - 2020-11-28T22:15:27.524Z] SessionManagerReqHand - _cleanupWindowlessSessions - Asynchronous Sessions clean-up phase starting NOW
[INFO  - 2020-11-28T22:20:27.524Z] SessionManagerReqHand - _cleanupWindowlessSessions - Asynchronous Sessions clean-up phase starting NOW
[INFO  - 2020-11-28T22:25:27.524Z] SessionManagerReqHand - _cleanupWindowlessSessions - Asynchronous Sessions clean-up phase starting NOW
[INFO  - 2020-11-28T22:30:27.524Z] SessionManagerReqHand - _cleanupWindowlessSessions - Asynchronous Sessions clean-up phase starting NOW
[INFO  - 2020-11-28T22:35:27.524Z] SessionManagerReqHand - _cleanupWindowlessSessions - Asynchronous Sessions clean-up phase starting NOW
[INFO  - 2020-11-28T22:40:27.524Z] SessionManagerReqHand - _cleanupWindowlessSessions - Asynchronous Sessions clean-up phase starting NOW
[INFO  - 2020-11-28T22:45:27.525Z] SessionManagerReqHand - _cleanupWindowlessSessions - Asynchronous Sessions clean-up phase starting NOW
[INFO  - 2020-11-28T22:50:27.525Z] SessionManagerReqHand - _cleanupWindowlessSessions - Asynchronous Sessions clean-up phase starting NOW
[INFO  - 2020-11-28T22:55:27.525Z] SessionManagerReqHand - _cleanupWindowlessSessions - Asynchronous Sessions clean-up phase starting NOW
[INFO  - 2020-11-28T23:00:27.525Z] SessionManagerReqHand - _cleanupWindowlessSessions - Asynchronous Sessions clean-up phase starting NOW
[INFO  - 2020-11-28T23:05:27.525Z] SessionManagerReqHand - _cleanupWindowlessSessions - Asynchronous Sessions clean-up phase starting NOW
[INFO  - 2020-11-28T23:10:27.525Z] SessionManagerReqHand - _cleanupWindowlessSessions - Asynchronous Sessions clean-up phase starting NOW
[INFO  - 2020-11-28T23:15:27.543Z] SessionManagerReqHand - _cleanupWindowlessSessions - Asynchronous Sessions clean-up phase starting NOW
[INFO  - 2020-11-28T23:20:27.543Z] SessionManagerReqHand - _cleanupWindowlessSessions - Asynchronous Sessions clean-up phase starting NOW
[INFO  - 2020-11-28T23:25:27.543Z] SessionManagerReqHand - _cleanupWindowlessSessions - Asynchronous Sessions clean-up phase starting NOW
[INFO  - 2020-11-28T23:30:27.544Z] SessionManagerReqHand - _cleanupWindowlessSessions - Asynchronous Sessions clean-up phase starting NOW
[INFO  - 2020-11-28T23:35:27.544Z] SessionManagerReqHand - _cleanupWindowlessSessions - Asynchronous Sessions clean-up phase starting NOW
[INFO  - 2020-11-28T23:40:27.543Z] SessionManagerReqHand - _cleanupWindowlessSessions - Asynchronous Sessions clean-up phase starting NOW
[INFO  - 2020-11-28T23:45:27.543Z] SessionManagerReqHand - _cleanupWindowlessSessions - Asynchronous Sessions clean-up phase starting NOW
[INFO  - 2020-11-28T23:50:27.544Z] SessionManagerReqHand - _cleanupWindowlessSessions - Asynchronous Sessions clean-up phase starting NOW
[INFO  - 2020-11-28T23:55:27.543Z] SessionManagerReqHand - _cleanupWindowlessSessions - Asynchronous Sessions clean-up phase starting NOW
[INFO  - 2020-11-29T00:00:27.543Z] SessionManagerReqHand - _cleanupWindowlessSessions - Asynchronous Sessions clean-up phase starting NOW
[INFO  - 2020-11-29T00:05:27.544Z] SessionManagerReqHand - _cleanupWindowlessSessions - Asynchronous Sessions clean-up phase starting NOW
[INFO  - 2020-11-29T00:10:27.544Z] SessionManagerReqHand - _cleanupWindowlessSessions - Asynchronous Sessions clean-up phase starting NOW
[INFO  - 2020-11-29T00:15:27.544Z] SessionManagerReqHand - _cleanupWindowlessSessions - Asynchronous Sessions clean-up phase starting NOW
[INFO  - 2020-11-29T00:20:27.544Z] SessionManagerReqHand - _cleanupWindowlessSessions - Asynchronous Sessions clean-up phase starting NOW
[INFO  - 2020-11-29T00:25:27.544Z] SessionManagerReqHand - _cleanupWindowlessSessions - Asynchronous Sessions clean-up phase starting NOW
[INFO  - 2020-11-29T00:30:27.544Z] SessionManagerReqHand - _cleanupWindowlessSessions - Asynchronous Sessions clean-up phase starting NOW
[INFO  - 2020-11-29T00:35:27.544Z] SessionManagerReqHand - _cleanupWindowlessSessions - Asynchronous Sessions clean-up phase starting NOW
[INFO  - 2020-11-29T00:40:27.544Z] SessionManagerReqHand - _cleanupWindowlessSessions - Asynchronous Sessions clean-up phase starting NOW
[INFO  - 2020-11-29T00:45:27.544Z] SessionManagerReqHand - _cleanupWindowlessSessions - Asynchronous Sessions clean-up phase starting NOW
[INFO  - 2020-11-29T00:50:27.544Z] SessionManagerReqHand - _cleanupWindowlessSessions - Asynchronous Sessions clean-up phase starting NOW
[INFO  - 2020-11-29T00:55:27.544Z] SessionManagerReqHand - _cleanupWindowlessSessions - Asynchronous Sessions clean-up phase starting NOW
[INFO  - 2020-11-29T01:00:27.544Z] SessionManagerReqHand - _cleanupWindowlessSessions - Asynchronous Sessions clean-up phase starting NOW
[INFO  - 2020-11-29T01:05:27.544Z] SessionManagerReqHand - _cleanupWindowlessSessions - Asynchronous Sessions clean-up phase starting NOW
[INFO  - 2020-11-29T01:10:27.544Z] SessionManagerReqHand - _cleanupWindowlessSessions - Asynchronous Sessions clean-up phase starting NOW
[INFO  - 2020-11-29T01:15:27.544Z] SessionManagerReqHand - _cleanupWindowlessSessions - Asynchronous Sessions clean-up phase starting NOW
[INFO  - 2020-11-29T01:20:27.544Z] SessionManagerReqHand - _cleanupWindowlessSessions - Asynchronous Sessions clean-up phase starting NOW
[INFO  - 2020-11-29T01:25:27.544Z] SessionManagerReqHand - _cleanupWindowlessSessions - Asynchronous Sessions clean-up phase starting NOW
[INFO  - 2020-11-29T01:30:27.544Z] SessionManagerReqHand - _cleanupWindowlessSessions - Asynchronous Sessions clean-up phase starting NOW
[INFO  - 2020-11-29T01:35:27.544Z] SessionManagerReqHand - _cleanupWindowlessSessions - Asynchronous Sessions clean-up phase starting NOW
[INFO  - 2020-11-29T01:40:27.544Z] SessionManagerReqHand - _cleanupWindowlessSessions - Asynchronous Sessions clean-up phase starting NOW
[INFO  - 2020-11-29T01:45:27.544Z] SessionManagerReqHand - _cleanupWindowlessSessions - Asynchronous Sessions clean-up phase starting NOW
[INFO  - 2020-11-29T01:50:27.544Z] SessionManagerReqHand - _cleanupWindowlessSessions - Asynchronous Sessions clean-up phase starting NOW
[INFO  - 2020-11-29T01:55:27.544Z] SessionManagerReqHand - _cleanupWindowlessSessions - Asynchronous Sessions clean-up phase starting NOW
gerReqHand - _cleanupWindowlessSessions - Asynchronous Sessions clean-up phase starting NOW
[INFO  - 2020-11-29T01:29:55.748Z] SessionManagerReqHand - _cleanupWindowlessSessions - Asynchronous Sessions clean-up phase starting NOW
[INFO  - 2020-11-29T01:34:55.748Z] SessionManagerReqHand - _cleanupWindowlessSessions - Asynchronous Sessions clean-up phase starting NOW
[INFO  - 2020-11-29T01:39:55.748Z] SessionManagerReqHand - _cleanupWindowlessSessions - Asynchronous Sessions clean-up phase starting NOW
[INFO  - 2020-11-29T01:44:55.748Z] SessionManagerReqHand - _cleanupWindowlessSessions - Asynchronous Sessions clean-up phase starting NOW
[INFO  - 2020-11-29T01:49:55.748Z] SessionManagerReqHand - _cleanupWindowlessSessions - Asynchronous Sessions clean-up phase starting NOW
[INFO  - 2020-11-29T01:54:55.748Z] SessionManagerReqHand - _cleanupWindowlessSessions - Asynchronous Sessions clean-up phase starting NOW
22.660Z] SessionManagerReqHand - _cleanupWindowlessSessions - Asynchronous Sessions clean-up phase starting NOW
[INFO  - 2020-11-28T23:42:22.660Z] SessionManagerReqHand - _cleanupWindowlessSessions - Asynchronous Sessions clean-up phase starting NOW
[INFO  - 2020-11-28T23:47:22.660Z] SessionManagerReqHand - _cleanupWindowlessSessions - Asynchronous Sessions clean-up phase starting NOW
[INFO  - 2020-11-28T23:52:22.660Z] SessionManagerReqHand - _cleanupWindowlessSessions - Asynchronous Sessions clean-up phase starting NOW
[INFO  - 2020-11-28T23:57:22.660Z] SessionManagerReqHand - _cleanupWindowlessSessions - Asynchronous Sessions clean-up phase starting NOW
[INFO  - 2020-11-29T00:02:22.660Z] SessionManagerReqHand - _cleanupWindowlessSessions - Asynchronous Sessions clean-up phase starting NOW
[INFO  - 2020-11-29T00:07:22.660Z] SessionManagerReqHand - _cleanupWindowlessSessions - Asynchronous Sessions clean-up phase starting NOW
[INFO  - 2020-11-29T00:12:22.660Z] SessionManagerReqHand - _cleanupWindowlessSessions - Asynchronous Sessions clean-up phase starting NOW
[INFO  - 2020-11-29T00:17:22.661Z] SessionManagerReqHand - _cleanupWindowlessSessions - Asynchronous Sessions clean-up phase starting NOW
[INFO  - 2020-11-29T00:22:22.660Z] SessionManagerReqHand - _cleanupWindowlessSessions - Asynchronous Sessions clean-up phase starting NOW
[INFO  - 2020-11-29T00:27:22.660Z] SessionManagerReqHand - _cleanupWindowlessSessions - Asynchronous Sessions clean-up phase starting NOW
[INFO  - 2020-11-29T00:32:22.664Z] SessionManagerReqHand - _cleanupWindowlessSessions - Asynchronous Sessions clean-up phase starting NOW
[INFO  - 2020-11-29T00:37:22.665Z] SessionManagerReqHand - _cleanupWindowlessSessions - Asynchronous Sessions clean-up phase starting NOW
[INFO  - 2020-11-29T00:42:22.665Z] SessionManagerReqHand - _cleanupWindowlessSessions - Asynchronous Sessions clean-up phase starting NOW
[INFO  - 2020-11-29T00:47:22.665Z] SessionManagerReqHand - _cleanupWindowlessSessions - Asynchronous Sessions clean-up phase starting NOW
[INFO  - 2020-11-29T00:52:22.665Z] SessionManagerReqHand - _cleanupWindowlessSessions - Asynchronous Sessions clean-up phase starting NOW
[INFO  - 2020-11-29T00:57:22.665Z] SessionManagerReqHand - _cleanupWindowlessSessions - Asynchronous Sessions clean-up phase starting NOW
[INFO  - 2020-11-29T01:02:22.665Z] SessionManagerReqHand - _cleanupWindowlessSessions - Asynchronous Sessions clean-up phase starting NOW
[INFO  - 2020-11-29T01:07:22.665Z] SessionManagerReqHand - _cleanupWindowlessSessions - Asynchronous Sessions clean-up phase starting NOW
[INFO  - 2020-11-29T01:12:22.665Z] SessionManagerReqHand - _cleanupWindowlessSessions - Asynchronous Sessions clean-up phase starting NOW
[INFO  - 2020-11-29T01:17:22.665Z] SessionManagerReqHand - _cleanupWindowlessSessions - Asynchronous Sessions clean-up phase starting NOW
[INFO  - 2020-11-29T01:22:22.665Z] SessionManagerReqHand - _cleanupWindowlessSessions - Asynchronous Sessions clean-up phase starting NOW
[INFO  - 2020-11-29T01:27:22.665Z] SessionManagerReqHand - _cleanupWindowlessSessions - Asynchronous Sessions clean-up phase starting NOW
[INFO  - 2020-11-29T01:32:22.665Z] SessionManagerReqHand - _cleanupWindowlessSessions - Asynchronous Sessions clean-up phase starting NOW
[INFO  - 2020-11-29T01:37:22.665Z] SessionManagerReqHand - _cleanupWindowlessSessions - Asynchronous Sessions clean-up phase starting NOW
[INFO  - 2020-11-29T01:42:22.665Z] SessionManagerReqHand - _cleanupWindowlessSessions - Asynchronous Sessions clean-up phase starting NOW
[INFO  - 2020-11-29T01:47:22.665Z] SessionManagerReqHand - _cleanupWindowlessSessions - Asynchronous Sessions clean-up phase starting NOW
[INFO  - 2020-11-29T01:52:22.665Z] SessionManagerReqHand - _cleanupWindowlessSessions - Asynchronous Sessions clean-up phase starting NOW
 SessionManagerReqHand - _cleanupWindowlessSessions - Asynchronous Sessions clean-up phase starting NOW
[INFO  - 2020-11-28T17:16:53.243Z] SessionManagerReqHand - _cleanupWindowlessSessions - Asynchronous Sessions clean-up phase starting NOW
[INFO  - 2020-11-28T17:21:53.243Z] SessionManagerReqHand - _cleanupWindowlessSessions - Asynchronous Sessions clean-up phase starting NOW
[INFO  - 2020-11-28T17:26:53.243Z] SessionManagerReqHand - _cleanupWindowlessSessions - Asynchronous Sessions clean-up phase starting NOW
[INFO  - 2020-11-28T17:31:53.243Z] SessionManagerReqHand - _cleanupWindowlessSessions - Asynchronous Sessions clean-up phase starting NOW
[INFO  - 2020-11-28T17:36:53.243Z] SessionManagerReqHand - _cleanupWindowlessSessions - Asynchronous Sessions clean-up phase starting NOW
[INFO  - 2020-11-28T17:41:53.243Z] SessionManagerReqHand - _cleanupWindowlessSessions - Asynchronous Sessions clean-up phase starting NOW
[INFO  - 2020-11-28T17:46:53.243Z] SessionManagerReqHand - _cleanupWindowlessSessions - Asynchronous Sessions clean-up phase starting NOW
[INFO  - 2020-11-28T17:51:53.243Z] SessionManagerReqHand - _cleanupWindowlessSessions - Asynchronous Sessions clean-up phase starting NOW
[INFO  - 2020-11-28T17:56:53.243Z] SessionManagerReqHand - _cleanupWindowlessSessions - Asynchronous Sessions clean-up phase starting NOW
[INFO  - 2020-11-28T18:01:53.243Z] SessionManagerReqHand - _cleanupWindowlessSessions - Asynchronous Sessions clean-up phase starting NOW
[INFO  - 2020-11-28T18:06:53.243Z] SessionManagerReqHand - _cleanupWindowlessSessions - Asynchronous Sessions clean-up phase starting NOW
[INFO  - 2020-11-28T18:11:53.243Z] SessionManagerReqHand - _cleanupWindowlessSessions - Asynchronous Sessions clean-up phase starting NOW
[INFO  - 2020-11-28T18:16:53.243Z] SessionManagerReqHand - _cleanupWindowlessSessions - Asynchronous Sessions clean-up phase starting NOW
[INFO  - 2020-11-28T18:21:53.250Z] SessionManagerReqHand - _cleanupWindowlessSessions - Asynchronous Sessions clean-up phase starting NOW
[INFO  - 2020-11-28T18:26:53.243Z] SessionManagerReqHand - _cleanupWindowlessSessions - Asynchronous Sessions clean-up phase starting NOW
[INFO  - 2020-11-28T18:31:53.243Z] SessionManagerReqHand - _cleanupWindowlessSessions - Asynchronous Sessions clean-up phase starting NOW
[INFO  - 2020-11-28T18:36:53.244Z] SessionManagerReqHand - _cleanupWindowlessSessions - Asynchronous Sessions clean-up phase starting NOW
[INFO  - 2020-11-28T18:41:53.244Z] SessionManagerReqHand - _cleanupWindowlessSessions - Asynchronous Sessions clean-up phase starting NOW
[INFO  - 2020-11-28T18:46:53.244Z] SessionManagerReqHand - _cleanupWindowlessSessions - Asynchronous Sessions clean-up phase starting NOW
[INFO  - 2020-11-28T18:51:53.244Z] SessionManagerReqHand - _cleanupWindowlessSessions - Asynchronous Sessions clean-up phase starting NOW
[INFO  - 2020-11-28T18:56:53.244Z] SessionManagerReqHand - _cleanupWindowlessSessions - Asynchronous Sessions clean-up phase starting NOW
[INFO  - 2020-11-28T19:01:53.244Z] SessionManagerReqHand - _cleanupWindowlessSessions - Asynchronous Sessions clean-up phase starting NOW
[INFO  - 2020-11-28T19:06:53.244Z] SessionManagerReqHand - _cleanupWindowlessSessions - Asynchronous Sessions clean-up phase starting NOW
[INFO  - 2020-11-28T19:11:53.244Z] SessionManagerReqHand - _cleanupWindowlessSessions - Asynchronous Sessions clean-up phase starting NOW
[INFO  - 2020-11-28T19:16:53.244Z] SessionManagerReqHand - _cleanupWindowlessSessions - Asynchronous Sessions clean-up phase starting NOW
[INFO  - 2020-11-28T19:21:53.244Z] SessionManagerReqHand - _cleanupWindowlessSessions - Asynchronous Sessions clean-up phase starting NOW
[INFO  - 2020-11-28T19:26:53.244Z] SessionManagerReqHand - _cleanupWindowlessSessions - Asynchronous Sessions clean-up phase starting NOW
[INFO  - 2020-11-28T19:31:53.244Z] SessionManagerReqHand - _cleanupWindowlessSessions - Asynchronous Sessions clean-up phase starting NOW
[INFO  - 2020-11-28T19:36:53.243Z] SessionManagerReqHand - _cleanupWindowlessSessions - Asynchronous Sessions clean-up phase starting NOW
[INFO  - 2020-11-28T19:41:53.244Z] SessionManagerReqHand - _cleanupWindowlessSessions - Asynchronous Sessions clean-up phase starting NOW
[INFO  - 2020-11-28T19:46:53.244Z] SessionManagerReqHand - _cleanupWindowlessSessions - Asynchronous Sessions clean-up phase starting NOW
[INFO  - 2020-11-28T19:51:53.244Z] SessionManagerReqHand - _cleanupWindowlessSessions - Asynchronous Sessions clean-up phase starting NOW
[INFO  - 2020-11-28T19:56:53.244Z] SessionManagerReqHand - _cleanupWindowlessSessions - Asynchronous Sessions clean-up phase starting NOW
[INFO  - 2020-11-28T20:01:53.244Z] SessionManagerReqHand - _cleanupWindowlessSessions - Asynchronous Sessions clean-up phase starting NOW
[INFO  - 2020-11-28T20:06:53.244Z] SessionManagerReqHand - _cleanupWindowlessSessions - Asynchronous Sessions clean-up phase starting NOW
[INFO  - 2020-11-28T20:11:53.244Z] SessionManagerReqHand - _cleanupWindowlessSessions - Asynchronous Sessions clean-up phase starting NOW
[INFO  - 2020-11-28T20:16:53.244Z] SessionManagerReqHand - _cleanupWindowlessSessions - Asynchronous Sessions clean-up phase starting NOW
[INFO  - 2020-11-28T20:21:53.246Z] SessionManagerReqHand - _cleanupWindowlessSessions - Asynchronous Sessions clean-up phase starting NOW
[INFO  - 2020-11-28T20:26:53.246Z] SessionManagerReqHand - _cleanupWindowlessSessions - Asynchronous Sessions clean-up phase starting NOW
[INFO  - 2020-11-28T20:31:53.246Z] SessionManagerReqHand - _cleanupWindowlessSessions - Asynchronous Sessions clean-up phase starting NOW
[INFO  - 2020-11-28T20:36:53.246Z] SessionManagerReqHand - _cleanupWindowlessSessions - Asynchronous Sessions clean-up phase starting NOW
[INFO  - 2020-11-28T20:41:53.246Z] SessionManagerReqHand - _cleanupWindowlessSessions - Asynchronous Sessions clean-up phase starting NOW
[INFO  - 2020-11-28T20:46:53.246Z] SessionManagerReqHand - _cleanupWindowlessSessions - Asynchronous Sessions clean-up phase starting NOW
[INFO  - 2020-11-28T20:51:53.246Z] SessionManagerReqHand - _cleanupWindowlessSessions - Asynchronous Sessions clean-up phase starting NOW
[INFO  - 2020-11-28T20:56:53.246Z] SessionManagerReqHand - _cleanupWindowlessSessions - Asynchronous Sessions clean-up phase starting NOW
[INFO  - 2020-11-28T21:01:53.246Z] SessionManagerReqHand - _cleanupWindowlessSessions - Asynchronous Sessions clean-up phase starting NOW
[INFO  - 2020-11-28T21:06:53.246Z] SessionManagerReqHand - _cleanupWindowlessSessions - Asynchronous Sessions clean-up phase starting NOW
[INFO  - 2020-11-28T21:11:53.246Z] SessionManagerReqHand - _cleanupWindowlessSessions - Asynchronous Sessions clean-up phase starting NOW
[INFO  - 2020-11-28T21:16:53.246Z] SessionManagerReqHand - _cleanupWindowlessSessions - Asynchronous Sessions clean-up phase starting NOW
[INFO  - 2020-11-28T21:21:53.246Z] SessionManagerReqHand - _cleanupWindowlessSessions - Asynchronous Sessions clean-up phase starting NOW
[INFO  - 2020-11-28T21:26:53.246Z] SessionManagerReqHand - _cleanupWindowlessSessions - Asynchronous Sessions clean-up phase starting NOW
[INFO  - 2020-11-28T21:31:53.246Z] SessionManagerReqHand - _cleanupWindowlessSessions - Asynchronous Sessions clean-up phase starting NOW
[INFO  - 2020-11-28T21:36:53.246Z] SessionManagerReqHand - _cleanupWindowlessSessions - Asynchronous Sessions clean-up phase starting NOW
[INFO  - 2020-11-28T21:41:53.246Z] SessionManagerReqHand - _cleanupWindowlessSessions - Asynchronous Sessions clean-up phase starting NOW
[INFO  - 2020-11-28T21:46:53.246Z] SessionManagerReqHand - _cleanupWindowlessSessions - Asynchronous Sessions clean-up phase starting NOW
[INFO  - 2020-11-28T21:51:53.246Z] SessionManagerReqHand - _cleanupWindowlessSessions - Asynchronous Sessions clean-up phase starting NOW
[INFO  - 2020-11-28T21:56:53.247Z] SessionManagerReqHand - _cleanupWindowlessSessions - Asynchronous Sessions clean-up phase starting NOW
[INFO  - 2020-11-28T22:01:53.247Z] SessionManagerReqHand - _cleanupWindowlessSessions - Asynchronous Sessions clean-up phase starting NOW
[INFO  - 2020-11-28T22:06:53.247Z] SessionManagerReqHand - _cleanupWindowlessSessions - Asynchronous Sessions clean-up phase starting NOW
[INFO  - 2020-11-28T22:11:53.247Z] SessionManagerReqHand - _cleanupWindowlessSessions - Asynchronous Sessions clean-up phase starting NOW
[INFO  - 2020-11-28T22:16:53.247Z] SessionManagerReqHand - _cleanupWindowlessSessions - Asynchronous Sessions clean-up phase starting NOW
[INFO  - 2020-11-28T22:21:53.247Z] SessionManagerReqHand - _cleanupWindowlessSessions - Asynchronous Sessions clean-up phase starting NOW
[INFO  - 2020-11-28T22:26:53.247Z] SessionManagerReqHand - _cleanupWindowlessSessions - Asynchronous Sessions clean-up phase starting NOW
[INFO  - 2020-11-28T22:31:53.247Z] SessionManagerReqHand - _cleanupWindowlessSessions - Asynchronous Sessions clean-up phase starting NOW
[INFO  - 2020-11-28T22:36:53.247Z] SessionManagerReqHand - _cleanupWindowlessSessions - Asynchronous Sessions clean-up phase starting NOW
[INFO  - 2020-11-28T22:41:53.247Z] SessionManagerReqHand - _cleanupWindowlessSessions - Asynchronous Sessions clean-up phase starting NOW
[INFO  - 2020-11-28T22:46:53.247Z] SessionManagerReqHand - _cleanupWindowlessSessions - Asynchronous Sessions clean-up phase starting NOW
[INFO  - 2020-11-28T22:51:53.249Z] SessionManagerReqHand - _cleanupWindowlessSessions - Asynchronous Sessions clean-up phase starting NOW
[INFO  - 2020-11-28T22:56:53.249Z] SessionManagerReqHand - _cleanupWindowlessSessions - Asynchronous Sessions clean-up phase starting NOW
[INFO  - 2020-11-28T23:01:53.249Z] SessionManagerReqHand - _cleanupWindowlessSessions - Asynchronous Sessions clean-up phase starting NOW
[INFO  - 2020-11-28T23:06:53.249Z] SessionManagerReqHand - _cleanupWindowlessSessions - Asynchronous Sessions clean-up phase starting NOW
[INFO  - 2020-11-28T23:11:53.249Z] SessionManagerReqHand - _cleanupWindowlessSessions - Asynchronous Sessions clean-up phase starting NOW
[INFO  - 2020-11-28T23:16:53.249Z] SessionManagerReqHand - _cleanupWindowlessSessions - Asynchronous Sessions clean-up phase starting NOW
[INFO  - 2020-11-28T23:21:53.249Z] SessionManagerReqHand - _cleanupWindowlessSessions - Asynchronous Sessions clean-up phase starting NOW
[INFO  - 2020-11-28T23:26:53.249Z] SessionManagerReqHand - _cleanupWindowlessSessions - Asynchronous Sessions clean-up phase starting NOW
[INFO  - 2020-11-28T23:31:53.249Z] SessionManagerReqHand - _cleanupWindowlessSessions - Asynchronous Sessions clean-up phase starting NOW
[INFO  - 2020-11-28T23:36:53.249Z] SessionManagerReqHand - _cleanupWindowlessSessions - Asynchronous Sessions clean-up phase starting NOW
[INFO  - 2020-11-28T23:41:53.249Z] SessionManagerReqHand - _cleanupWindowlessSessions - Asynchronous Sessions clean-up phase starting NOW
[INFO  - 2020-11-28T23:46:53.249Z] SessionManagerReqHand - _cleanupWindowlessSessions - Asynchronous Sessions clean-up phase starting NOW
[INFO  - 2020-11-28T23:51:53.249Z] SessionManagerReqHand - _cleanupWindowlessSessions - Asynchronous Sessions clean-up phase starting NOW
[INFO  - 2020-11-28T23:56:53.249Z] SessionManagerReqHand - _cleanupWindowlessSessions - Asynchronous Sessions clean-up phase starting NOW
[INFO  - 2020-11-29T00:01:53.249Z] SessionManagerReqHand - _cleanupWindowlessSessions - Asynchronous Sessions clean-up phase starting NOW
[INFO  - 2020-11-29T00:06:53.249Z] SessionManagerReqHand - _cleanupWindowlessSessions - Asynchronous Sessions clean-up phase starting NOW
[INFO  - 2020-11-29T00:11:53.249Z] SessionManagerReqHand - _cleanupWindowlessSessions - Asynchronous Sessions clean-up phase starting NOW
[INFO  - 2020-11-29T00:16:53.249Z] SessionManagerReqHand - _cleanupWindowlessSessions - Asynchronous Sessions clean-up phase starting NOW
[INFO  - 2020-11-29T00:21:53.249Z] SessionManagerReqHand - _cleanupWindowlessSessions - Asynchronous Sessions clean-up phase starting NOW
[INFO  - 2020-11-29T00:26:53.249Z] SessionManagerReqHand - _cleanupWindowlessSessions - Asynchronous Sessions clean-up phase starting NOW
[INFO  - 2020-11-29T00:31:53.249Z] SessionManagerReqHand - _cleanupWindowlessSessions - Asynchronous Sessions clean-up phase starting NOW
[INFO  - 2020-11-29T00:36:53.255Z] SessionManagerReqHand - _cleanupWindowlessSessions - Asynchronous Sessions clean-up phase starting NOW
[INFO  - 2020-11-29T00:41:53.255Z] SessionManagerReqHand - _cleanupWindowlessSessions - Asynchronous Sessions clean-up phase starting NOW
[INFO  - 2020-11-29T00:46:53.255Z] SessionManagerReqHand - _cleanupWindowlessSessions - Asynchronous Sessions clean-up phase starting NOW
[INFO  - 2020-11-29T00:51:53.255Z] SessionManagerReqHand - _cleanupWindowlessSessions - Asynchronous Sessions clean-up phase starting NOW
[INFO  - 2020-11-29T00:56:53.257Z] SessionManagerReqHand - _cleanupWindowlessSessions - Asynchronous Sessions clean-up phase starting NOW
[INFO  - 2020-11-29T01:01:53.257Z] SessionManagerReqHand - _cleanupWindowlessSessions - Asynchronous Sessions clean-up phase starting NOW
[INFO  - 2020-11-29T01:06:53.257Z] SessionManagerReqHand - _cleanupWindowlessSessions - Asynchronous Sessions clean-up phase starting NOW
[INFO  - 2020-11-29T01:11:53.257Z] SessionManagerReqHand - _cleanupWindowlessSessions - Asynchronous Sessions clean-up phase starting NOW
[INFO  - 2020-11-29T01:16:53.257Z] SessionManagerReqHand - _cleanupWindowlessSessions - Asynchronous Sessions clean-up phase starting NOW
[INFO  - 2020-11-29T01:21:53.257Z] SessionManagerReqHand - _cleanupWindowlessSessions - Asynchronous Sessions clean-up phase starting NOW
[INFO  - 2020-11-29T01:26:53.257Z] SessionManagerReqHand - _cleanupWindowlessSessions - Asynchronous Sessions clean-up phase starting NOW
[INFO  - 2020-11-29T01:31:53.257Z] SessionManagerReqHand - _cleanupWindowlessSessions - Asynchronous Sessions clean-up phase starting NOW
[INFO  - 2020-11-29T01:36:53.257Z] SessionManagerReqHand - _cleanupWindowlessSessions - Asynchronous Sessions clean-up phase starting NOW
[INFO  - 2020-11-29T01:41:53.257Z] SessionManagerReqHand - _cleanupWindowlessSessions - Asynchronous Sessions clean-up phase starting NOW
[INFO  - 2020-11-29T01:46:53.257Z] SessionManagerReqHand - _cleanupWindowlessSessions - Asynchronous Sessions clean-up phase starting NOW
[INFO  - 2020-11-29T01:51:53.257Z] SessionManagerReqHand - _cleanupWindowlessSessions - Asynchronous Sessions clean-up phase starting NOW
